<?xml version="1.0" encoding="UTF-8"?>
<testsuite xmlns:xsi="http://www.w3.org/2001/XMLSchema-instance" xsi:noNamespaceSchemaLocation="https://maven.apache.org/surefire/maven-surefire-plugin/xsd/surefire-test-report.xsd" name="com.example.nifidev.processors.example.MyProcessorTest" time="0.315" tests="1" errors="0" skipped="0" failures="0">
  <properties>
    <property name="sun.desktop" value="windows"/>
    <property name="awt.toolkit" value="sun.awt.windows.WToolkit"/>
    <property name="file.encoding.pkg" value="sun.io"/>
    <property name="java.specification.version" value="1.8"/>
    <property name="sun.cpu.isalist" value="amd64"/>
    <property name="sun.jnu.encoding" value="Cp1252"/>
    <property name="java.class.path" value="C:\Users\Madhura Pawar\eclipse-workspace\example-processor\nifi-example-processors\target\test-classes;C:\Users\Madhura Pawar\eclipse-workspace\example-processor\nifi-example-processors\target\classes;C:\Users\Madhura Pawar\.m2\repository\org\apache\nifi\nifi-api\1.13.2\nifi-api-1.13.2.jar;C:\Users\Madhura Pawar\.m2\repository\org\apache\nifi\nifi-utils\1.13.2\nifi-utils-1.13.2.jar;C:\Users\Madhura Pawar\.m2\repository\org\apache\nifi\nifi-mock\1.13.2\nifi-mock-1.13.2.jar;C:\Users\Madhura Pawar\.m2\repository\org\apache\nifi\nifi-framework-api\1.13.2\nifi-framework-api-1.13.2.jar;C:\Users\Madhura Pawar\.m2\repository\org\apache\nifi\nifi-parameter\1.13.2\nifi-parameter-1.13.2.jar;C:\Users\Madhura Pawar\.m2\repository\org\apache\nifi\nifi-framework-core-api\1.13.2\nifi-framework-core-api-1.13.2.jar;C:\Users\Madhura Pawar\.m2\repository\org\apache\nifi\nifi-framework-nar-utils\1.13.2\nifi-framework-nar-utils-1.13.2.jar;C:\Users\Madhura Pawar\.m2\repository\org\apache\nifi\nifi-client-dto\1.13.2\nifi-client-dto-1.13.2.jar;C:\Users\Madhura Pawar\.m2\repository\io\swagger\swagger-annotations\1.6.0\swagger-annotations-1.6.0.jar;C:\Users\Madhura Pawar\.m2\repository\org\apache\nifi\nifi-site-to-site-client\1.13.2\nifi-site-to-site-client-1.13.2.jar;C:\Users\Madhura Pawar\.m2\repository\org\apache\httpcomponents\httpclient\4.5.5\httpclient-4.5.5.jar;C:\Users\Madhura Pawar\.m2\repository\org\apache\httpcomponents\httpcore\4.4.9\httpcore-4.4.9.jar;C:\Users\Madhura Pawar\.m2\repository\org\apache\httpcomponents\httpasyncclient\4.1.4\httpasyncclient-4.1.4.jar;C:\Users\Madhura Pawar\.m2\repository\org\apache\httpcomponents\httpcore-nio\4.4.10\httpcore-nio-4.4.10.jar;C:\Users\Madhura Pawar\.m2\repository\org\apache\commons\commons-lang3\3.9\commons-lang3-3.9.jar;C:\Users\Madhura Pawar\.m2\repository\org\apache\nifi\nifi-framework-authorization\1.13.2\nifi-framework-authorization-1.13.2.jar;C:\Users\Madhura Pawar\.m2\repository\org\apache\nifi\registry\nifi-registry-data-model\0.8.0\nifi-registry-data-model-0.8.0.jar;C:\Users\Madhura Pawar\.m2\repository\javax\validation\validation-api\2.0.1.Final\validation-api-2.0.1.Final.jar;C:\Users\Madhura Pawar\.m2\repository\javax\ws\rs\javax.ws.rs-api\2.1\javax.ws.rs-api-2.1.jar;C:\Users\Madhura Pawar\.m2\repository\org\apache\nifi\registry\nifi-registry-revision-entity-model\0.8.0\nifi-registry-revision-entity-model-0.8.0.jar;C:\Users\Madhura Pawar\.m2\repository\org\apache\nifi\registry\nifi-registry-client\0.8.0\nifi-registry-client-0.8.0.jar;C:\Users\Madhura Pawar\.m2\repository\org\apache\nifi\registry\nifi-registry-security-utils\0.8.0\nifi-registry-security-utils-0.8.0.jar;C:\Users\Madhura Pawar\.m2\repository\org\glassfish\jersey\core\jersey-client\2.28\jersey-client-2.28.jar;C:\Users\Madhura Pawar\.m2\repository\jakarta\ws\rs\jakarta.ws.rs-api\2.1.5\jakarta.ws.rs-api-2.1.5.jar;C:\Users\Madhura Pawar\.m2\repository\org\glassfish\hk2\external\jakarta.inject\2.5.0\jakarta.inject-2.5.0.jar;C:\Users\Madhura Pawar\.m2\repository\org\glassfish\jersey\media\jersey-media-json-jackson\2.28\jersey-media-json-jackson-2.28.jar;C:\Users\Madhura Pawar\.m2\repository\org\glassfish\jersey\ext\jersey-entity-filtering\2.28\jersey-entity-filtering-2.28.jar;C:\Users\Madhura Pawar\.m2\repository\com\fasterxml\jackson\module\jackson-module-jaxb-annotations\2.9.8\jackson-module-jaxb-annotations-2.9.8.jar;C:\Users\Madhura Pawar\.m2\repository\org\glassfish\jersey\inject\jersey-hk2\2.28\jersey-hk2-2.28.jar;C:\Users\Madhura Pawar\.m2\repository\org\glassfish\hk2\hk2-locator\2.5.0\hk2-locator-2.5.0.jar;C:\Users\Madhura Pawar\.m2\repository\org\glassfish\hk2\external\aopalliance-repackaged\2.5.0\aopalliance-repackaged-2.5.0.jar;C:\Users\Madhura Pawar\.m2\repository\org\glassfish\hk2\hk2-api\2.5.0\hk2-api-2.5.0.jar;C:\Users\Madhura Pawar\.m2\repository\org\glassfish\hk2\hk2-utils\2.5.0\hk2-utils-2.5.0.jar;C:\Users\Madhura Pawar\.m2\repository\org\javassist\javassist\3.22.0-CR2\javassist-3.22.0-CR2.jar;C:\Users\Madhura Pawar\.m2\repository\org\glassfish\jersey\core\jersey-common\2.28\jersey-common-2.28.jar;C:\Users\Madhura Pawar\.m2\repository\jakarta\annotation\jakarta.annotation-api\1.3.4\jakarta.annotation-api-1.3.4.jar;C:\Users\Madhura Pawar\.m2\repository\org\glassfish\hk2\osgi-resource-locator\1.0.1\osgi-resource-locator-1.0.1.jar;C:\Users\Madhura Pawar\.m2\repository\org\glassfish\jersey\media\jersey-media-multipart\2.28\jersey-media-multipart-2.28.jar;C:\Users\Madhura Pawar\.m2\repository\org\jvnet\mimepull\mimepull\1.9.11\mimepull-1.9.11.jar;C:\Users\Madhura Pawar\.m2\repository\org\apache\nifi\nifi-expression-language\1.13.2\nifi-expression-language-1.13.2.jar;C:\Users\Madhura Pawar\.m2\repository\org\antlr\antlr-runtime\3.5.2\antlr-runtime-3.5.2.jar;C:\Users\Madhura Pawar\.m2\repository\org\apache\nifi\nifi-uuid5\1.13.2\nifi-uuid5-1.13.2.jar;C:\Users\Madhura Pawar\.m2\repository\com\jayway\jsonpath\json-path\2.4.0\json-path-2.4.0.jar;C:\Users\Madhura Pawar\.m2\repository\net\minidev\json-smart\2.3\json-smart-2.3.jar;C:\Users\Madhura Pawar\.m2\repository\net\minidev\accessors-smart\1.2\accessors-smart-1.2.jar;C:\Users\Madhura Pawar\.m2\repository\org\ow2\asm\asm\5.0.4\asm-5.0.4.jar;C:\Users\Madhura Pawar\.m2\repository\com\fasterxml\jackson\core\jackson-databind\2.9.10.8\jackson-databind-2.9.10.8.jar;C:\Users\Madhura Pawar\.m2\repository\com\fasterxml\jackson\core\jackson-annotations\2.9.10\jackson-annotations-2.9.10.jar;C:\Users\Madhura Pawar\.m2\repository\com\fasterxml\jackson\core\jackson-core\2.9.10\jackson-core-2.9.10.jar;C:\Users\Madhura Pawar\.m2\repository\org\apache\commons\commons-text\1.8\commons-text-1.8.jar;C:\Users\Madhura Pawar\.m2\repository\commons-codec\commons-codec\1.14\commons-codec-1.14.jar;C:\Users\Madhura Pawar\.m2\repository\org\apache\nifi\nifi-data-provenance-utils\1.13.2\nifi-data-provenance-utils-1.13.2.jar;C:\Users\Madhura Pawar\.m2\repository\org\apache\nifi\nifi-security-utils\1.13.2\nifi-security-utils-1.13.2.jar;C:\Users\Madhura Pawar\.m2\repository\org\apache\nifi\nifi-security-utils-api\1.13.2\nifi-security-utils-api-1.13.2.jar;C:\Users\Madhura Pawar\.m2\repository\org\bouncycastle\bcpkix-jdk15on\1.68\bcpkix-jdk15on-1.68.jar;C:\Users\Madhura Pawar\.m2\repository\at\favre\lib\bcrypt\0.9.0\bcrypt-0.9.0.jar;C:\Users\Madhura Pawar\.m2\repository\at\favre\lib\bytes\1.3.0\bytes-1.3.0.jar;C:\Users\Madhura Pawar\.m2\repository\org\apache\commons\commons-configuration2\2.7\commons-configuration2-2.7.jar;C:\Users\Madhura Pawar\.m2\repository\org\bouncycastle\bcprov-jdk15on\1.68\bcprov-jdk15on-1.68.jar;C:\Users\Madhura Pawar\.m2\repository\org\apache\nifi\nifi-properties-loader\1.13.2\nifi-properties-loader-1.13.2.jar;C:\Users\Madhura Pawar\.m2\repository\org\apache\nifi\nifi-properties\1.13.2\nifi-properties-1.13.2.jar;C:\Users\Madhura Pawar\.m2\repository\org\slf4j\slf4j-simple\1.7.30\slf4j-simple-1.7.30.jar;C:\Users\Madhura Pawar\.m2\repository\org\slf4j\slf4j-api\1.7.30\slf4j-api-1.7.30.jar;C:\Users\Madhura Pawar\.m2\repository\junit\junit\4.13.1\junit-4.13.1.jar;C:\Users\Madhura Pawar\.m2\repository\org\hamcrest\hamcrest-core\1.3\hamcrest-core-1.3.jar;C:\Users\Madhura Pawar\.m2\repository\org\mockito\mockito-core\2.28.2\mockito-core-2.28.2.jar;C:\Users\Madhura Pawar\.m2\repository\net\bytebuddy\byte-buddy\1.9.10\byte-buddy-1.9.10.jar;C:\Users\Madhura Pawar\.m2\repository\net\bytebuddy\byte-buddy-agent\1.9.10\byte-buddy-agent-1.9.10.jar;C:\Users\Madhura Pawar\.m2\repository\org\objenesis\objenesis\2.6\objenesis-2.6.jar;C:\Users\Madhura Pawar\.m2\repository\org\codehaus\groovy\groovy-test\2.5.4\groovy-test-2.5.4.jar;C:\Users\Madhura Pawar\.m2\repository\org\codehaus\groovy\groovy\2.5.4\groovy-2.5.4.jar;"/>
    <property name="java.vm.vendor" value="Oracle Corporation"/>
    <property name="sun.arch.data.model" value="64"/>
    <property name="user.variant" value=""/>
    <property name="java.vendor.url" value="http://java.oracle.com/"/>
    <property name="user.timezone" value="Asia/Calcutta"/>
    <property name="java.vm.specification.version" value="1.8"/>
    <property name="os.name" value="Windows 10"/>
    <property name="user.country" value="IN"/>
    <property name="sun.java.launcher" value="SUN_STANDARD"/>
    <property name="sun.boot.library.path" value="C:\Program Files\Java\jdk1.8.0_291\jre\bin"/>
    <property name="sun.java.command" value="C:\Users\MADHUR~1\AppData\Local\Temp\surefire5789283280811636991\surefirebooter2741660167402932259.jar C:\Users\Madhura Pawar\AppData\Local\Temp\surefire5789283280811636991 2021-06-29T01-27-56_683-jvmRun1 surefire1109796971187405998tmp surefire_02182517641616667395tmp"/>
    <property name="surefire.test.class.path" value="C:\Users\Madhura Pawar\eclipse-workspace\example-processor\nifi-example-processors\target\test-classes;C:\Users\Madhura Pawar\eclipse-workspace\example-processor\nifi-example-processors\target\classes;C:\Users\Madhura Pawar\.m2\repository\org\apache\nifi\nifi-api\1.13.2\nifi-api-1.13.2.jar;C:\Users\Madhura Pawar\.m2\repository\org\apache\nifi\nifi-utils\1.13.2\nifi-utils-1.13.2.jar;C:\Users\Madhura Pawar\.m2\repository\org\apache\nifi\nifi-mock\1.13.2\nifi-mock-1.13.2.jar;C:\Users\Madhura Pawar\.m2\repository\org\apache\nifi\nifi-framework-api\1.13.2\nifi-framework-api-1.13.2.jar;C:\Users\Madhura Pawar\.m2\repository\org\apache\nifi\nifi-parameter\1.13.2\nifi-parameter-1.13.2.jar;C:\Users\Madhura Pawar\.m2\repository\org\apache\nifi\nifi-framework-core-api\1.13.2\nifi-framework-core-api-1.13.2.jar;C:\Users\Madhura Pawar\.m2\repository\org\apache\nifi\nifi-framework-nar-utils\1.13.2\nifi-framework-nar-utils-1.13.2.jar;C:\Users\Madhura Pawar\.m2\repository\org\apache\nifi\nifi-client-dto\1.13.2\nifi-client-dto-1.13.2.jar;C:\Users\Madhura Pawar\.m2\repository\io\swagger\swagger-annotations\1.6.0\swagger-annotations-1.6.0.jar;C:\Users\Madhura Pawar\.m2\repository\org\apache\nifi\nifi-site-to-site-client\1.13.2\nifi-site-to-site-client-1.13.2.jar;C:\Users\Madhura Pawar\.m2\repository\org\apache\httpcomponents\httpclient\4.5.5\httpclient-4.5.5.jar;C:\Users\Madhura Pawar\.m2\repository\org\apache\httpcomponents\httpcore\4.4.9\httpcore-4.4.9.jar;C:\Users\Madhura Pawar\.m2\repository\org\apache\httpcomponents\httpasyncclient\4.1.4\httpasyncclient-4.1.4.jar;C:\Users\Madhura Pawar\.m2\repository\org\apache\httpcomponents\httpcore-nio\4.4.10\httpcore-nio-4.4.10.jar;C:\Users\Madhura Pawar\.m2\repository\org\apache\commons\commons-lang3\3.9\commons-lang3-3.9.jar;C:\Users\Madhura Pawar\.m2\repository\org\apache\nifi\nifi-framework-authorization\1.13.2\nifi-framework-authorization-1.13.2.jar;C:\Users\Madhura Pawar\.m2\repository\org\apache\nifi\registry\nifi-registry-data-model\0.8.0\nifi-registry-data-model-0.8.0.jar;C:\Users\Madhura Pawar\.m2\repository\javax\validation\validation-api\2.0.1.Final\validation-api-2.0.1.Final.jar;C:\Users\Madhura Pawar\.m2\repository\javax\ws\rs\javax.ws.rs-api\2.1\javax.ws.rs-api-2.1.jar;C:\Users\Madhura Pawar\.m2\repository\org\apache\nifi\registry\nifi-registry-revision-entity-model\0.8.0\nifi-registry-revision-entity-model-0.8.0.jar;C:\Users\Madhura Pawar\.m2\repository\org\apache\nifi\registry\nifi-registry-client\0.8.0\nifi-registry-client-0.8.0.jar;C:\Users\Madhura Pawar\.m2\repository\org\apache\nifi\registry\nifi-registry-security-utils\0.8.0\nifi-registry-security-utils-0.8.0.jar;C:\Users\Madhura Pawar\.m2\repository\org\glassfish\jersey\core\jersey-client\2.28\jersey-client-2.28.jar;C:\Users\Madhura Pawar\.m2\repository\jakarta\ws\rs\jakarta.ws.rs-api\2.1.5\jakarta.ws.rs-api-2.1.5.jar;C:\Users\Madhura Pawar\.m2\repository\org\glassfish\hk2\external\jakarta.inject\2.5.0\jakarta.inject-2.5.0.jar;C:\Users\Madhura Pawar\.m2\repository\org\glassfish\jersey\media\jersey-media-json-jackson\2.28\jersey-media-json-jackson-2.28.jar;C:\Users\Madhura Pawar\.m2\repository\org\glassfish\jersey\ext\jersey-entity-filtering\2.28\jersey-entity-filtering-2.28.jar;C:\Users\Madhura Pawar\.m2\repository\com\fasterxml\jackson\module\jackson-module-jaxb-annotations\2.9.8\jackson-module-jaxb-annotations-2.9.8.jar;C:\Users\Madhura Pawar\.m2\repository\org\glassfish\jersey\inject\jersey-hk2\2.28\jersey-hk2-2.28.jar;C:\Users\Madhura Pawar\.m2\repository\org\glassfish\hk2\hk2-locator\2.5.0\hk2-locator-2.5.0.jar;C:\Users\Madhura Pawar\.m2\repository\org\glassfish\hk2\external\aopalliance-repackaged\2.5.0\aopalliance-repackaged-2.5.0.jar;C:\Users\Madhura Pawar\.m2\repository\org\glassfish\hk2\hk2-api\2.5.0\hk2-api-2.5.0.jar;C:\Users\Madhura Pawar\.m2\repository\org\glassfish\hk2\hk2-utils\2.5.0\hk2-utils-2.5.0.jar;C:\Users\Madhura Pawar\.m2\repository\org\javassist\javassist\3.22.0-CR2\javassist-3.22.0-CR2.jar;C:\Users\Madhura Pawar\.m2\repository\org\glassfish\jersey\core\jersey-common\2.28\jersey-common-2.28.jar;C:\Users\Madhura Pawar\.m2\repository\jakarta\annotation\jakarta.annotation-api\1.3.4\jakarta.annotation-api-1.3.4.jar;C:\Users\Madhura Pawar\.m2\repository\org\glassfish\hk2\osgi-resource-locator\1.0.1\osgi-resource-locator-1.0.1.jar;C:\Users\Madhura Pawar\.m2\repository\org\glassfish\jersey\media\jersey-media-multipart\2.28\jersey-media-multipart-2.28.jar;C:\Users\Madhura Pawar\.m2\repository\org\jvnet\mimepull\mimepull\1.9.11\mimepull-1.9.11.jar;C:\Users\Madhura Pawar\.m2\repository\org\apache\nifi\nifi-expression-language\1.13.2\nifi-expression-language-1.13.2.jar;C:\Users\Madhura Pawar\.m2\repository\org\antlr\antlr-runtime\3.5.2\antlr-runtime-3.5.2.jar;C:\Users\Madhura Pawar\.m2\repository\org\apache\nifi\nifi-uuid5\1.13.2\nifi-uuid5-1.13.2.jar;C:\Users\Madhura Pawar\.m2\repository\com\jayway\jsonpath\json-path\2.4.0\json-path-2.4.0.jar;C:\Users\Madhura Pawar\.m2\repository\net\minidev\json-smart\2.3\json-smart-2.3.jar;C:\Users\Madhura Pawar\.m2\repository\net\minidev\accessors-smart\1.2\accessors-smart-1.2.jar;C:\Users\Madhura Pawar\.m2\repository\org\ow2\asm\asm\5.0.4\asm-5.0.4.jar;C:\Users\Madhura Pawar\.m2\repository\com\fasterxml\jackson\core\jackson-databind\2.9.10.8\jackson-databind-2.9.10.8.jar;C:\Users\Madhura Pawar\.m2\repository\com\fasterxml\jackson\core\jackson-annotations\2.9.10\jackson-annotations-2.9.10.jar;C:\Users\Madhura Pawar\.m2\repository\com\fasterxml\jackson\core\jackson-core\2.9.10\jackson-core-2.9.10.jar;C:\Users\Madhura Pawar\.m2\repository\org\apache\commons\commons-text\1.8\commons-text-1.8.jar;C:\Users\Madhura Pawar\.m2\repository\commons-codec\commons-codec\1.14\commons-codec-1.14.jar;C:\Users\Madhura Pawar\.m2\repository\org\apache\nifi\nifi-data-provenance-utils\1.13.2\nifi-data-provenance-utils-1.13.2.jar;C:\Users\Madhura Pawar\.m2\repository\org\apache\nifi\nifi-security-utils\1.13.2\nifi-security-utils-1.13.2.jar;C:\Users\Madhura Pawar\.m2\repository\org\apache\nifi\nifi-security-utils-api\1.13.2\nifi-security-utils-api-1.13.2.jar;C:\Users\Madhura Pawar\.m2\repository\org\bouncycastle\bcpkix-jdk15on\1.68\bcpkix-jdk15on-1.68.jar;C:\Users\Madhura Pawar\.m2\repository\at\favre\lib\bcrypt\0.9.0\bcrypt-0.9.0.jar;C:\Users\Madhura Pawar\.m2\repository\at\favre\lib\bytes\1.3.0\bytes-1.3.0.jar;C:\Users\Madhura Pawar\.m2\repository\org\apache\commons\commons-configuration2\2.7\commons-configuration2-2.7.jar;C:\Users\Madhura Pawar\.m2\repository\org\bouncycastle\bcprov-jdk15on\1.68\bcprov-jdk15on-1.68.jar;C:\Users\Madhura Pawar\.m2\repository\org\apache\nifi\nifi-properties-loader\1.13.2\nifi-properties-loader-1.13.2.jar;C:\Users\Madhura Pawar\.m2\repository\org\apache\nifi\nifi-properties\1.13.2\nifi-properties-1.13.2.jar;C:\Users\Madhura Pawar\.m2\repository\org\slf4j\slf4j-simple\1.7.30\slf4j-simple-1.7.30.jar;C:\Users\Madhura Pawar\.m2\repository\org\slf4j\slf4j-api\1.7.30\slf4j-api-1.7.30.jar;C:\Users\Madhura Pawar\.m2\repository\junit\junit\4.13.1\junit-4.13.1.jar;C:\Users\Madhura Pawar\.m2\repository\org\hamcrest\hamcrest-core\1.3\hamcrest-core-1.3.jar;C:\Users\Madhura Pawar\.m2\repository\org\mockito\mockito-core\2.28.2\mockito-core-2.28.2.jar;C:\Users\Madhura Pawar\.m2\repository\net\bytebuddy\byte-buddy\1.9.10\byte-buddy-1.9.10.jar;C:\Users\Madhura Pawar\.m2\repository\net\bytebuddy\byte-buddy-agent\1.9.10\byte-buddy-agent-1.9.10.jar;C:\Users\Madhura Pawar\.m2\repository\org\objenesis\objenesis\2.6\objenesis-2.6.jar;C:\Users\Madhura Pawar\.m2\repository\org\codehaus\groovy\groovy-test\2.5.4\groovy-test-2.5.4.jar;C:\Users\Madhura Pawar\.m2\repository\org\codehaus\groovy\groovy\2.5.4\groovy-2.5.4.jar;"/>
    <property name="sun.cpu.endian" value="little"/>
    <property name="user.home" value="C:\Users\Madhura Pawar"/>
    <property name="user.language" value="en"/>
    <property name="java.specification.vendor" value="Oracle Corporation"/>
    <property name="java.home" value="C:\Program Files\Java\jdk1.8.0_291\jre"/>
    <property name="basedir" value="C:\Users\Madhura Pawar\eclipse-workspace\example-processor\nifi-example-processors"/>
    <property name="file.separator" value="\"/>
    <property name="line.separator" value="&#10;"/>
    <property name="java.vm.specification.vendor" value="Oracle Corporation"/>
    <property name="java.specification.name" value="Java Platform API Specification"/>
    <property name="java.awt.graphicsenv" value="sun.awt.Win32GraphicsEnvironment"/>
    <property name="java.awt.headless" value="true"/>
    <property name="surefire.real.class.path" value="C:\Users\MADHUR~1\AppData\Local\Temp\surefire5789283280811636991\surefirebooter2741660167402932259.jar"/>
    <property name="sun.boot.class.path" value="C:\Program Files\Java\jdk1.8.0_291\jre\lib\resources.jar;C:\Program Files\Java\jdk1.8.0_291\jre\lib\rt.jar;C:\Program Files\Java\jdk1.8.0_291\jre\lib\sunrsasign.jar;C:\Program Files\Java\jdk1.8.0_291\jre\lib\jsse.jar;C:\Program Files\Java\jdk1.8.0_291\jre\lib\jce.jar;C:\Program Files\Java\jdk1.8.0_291\jre\lib\charsets.jar;C:\Program Files\Java\jdk1.8.0_291\jre\lib\jfr.jar;C:\Program Files\Java\jdk1.8.0_291\jre\classes"/>
    <property name="user.script" value=""/>
    <property name="sun.management.compiler" value="HotSpot 64-Bit Tiered Compilers"/>
    <property name="java.runtime.version" value="1.8.0_291-b10"/>
    <property name="java.net.preferIPv4Stack" value="true"/>
    <property name="user.name" value="Madhura Pawar"/>
    <property name="path.separator" value=";"/>
    <property name="os.version" value="10.0"/>
    <property name="java.endorsed.dirs" value="C:\Program Files\Java\jdk1.8.0_291\jre\lib\endorsed"/>
    <property name="java.runtime.name" value="Java(TM) SE Runtime Environment"/>
    <property name="file.encoding" value="UTF-8"/>
    <property name="java.vm.name" value="Java HotSpot(TM) 64-Bit Server VM"/>
    <property name="localRepository" value="C:\Users\Madhura Pawar\.m2\repository"/>
    <property name="java.vendor.url.bug" value="http://bugreport.sun.com/bugreport/"/>
    <property name="java.io.tmpdir" value="C:\Users\MADHUR~1\AppData\Local\Temp\"/>
    <property name="java.version" value="1.8.0_291"/>
    <property name="user.dir" value="C:\Users\Madhura Pawar\eclipse-workspace\example-processor\nifi-example-processors"/>
    <property name="os.arch" value="amd64"/>
    <property name="java.vm.specification.name" value="Java Virtual Machine Specification"/>
    <property name="java.awt.printerjob" value="sun.awt.windows.WPrinterJob"/>
    <property name="sun.os.patch.level" value=""/>
    <property name="java.library.path" value="C:\Program Files\Java\jdk1.8.0_291\jre\bin;C:\WINDOWS\Sun\Java\bin;C:\WINDOWS\system32;C:\WINDOWS;C:\Program Files (x86)\Common Files\Oracle\Java\javapath;D:\Mayur\Oracle\product\18.0.0\dbhomeXE\bin;C:\windows\system32;C:\windows;C:\windows\System32\Wbem;C:\windows\System32\WindowsPowerShell\v1.0\;C:\windows\System32\OpenSSH\;C:\Program Files (x86)\NVIDIA Corporation\PhysX\Common;C:\Program Files\NVIDIA Corporation\NVIDIA NvDLISR;C:\WINDOWS\system32;C:\WINDOWS;C:\WINDOWS\System32\Wbem;C:\WINDOWS\System32\WindowsPowerShell\v1.0\;C:\WINDOWS\System32\OpenSSH\;C:\Users\Madhura Pawar\AppData\Local\Microsoft\WindowsApps;C:\Program Files\Java\jdk1.8.0_291\bin;C:\Program Files\apache-maven-3.8.1\bin;;."/>
    <property name="java.vm.info" value="mixed mode"/>
    <property name="java.vendor" value="Oracle Corporation"/>
    <property name="java.vm.version" value="25.291-b10"/>
    <property name="java.ext.dirs" value="C:\Program Files\Java\jdk1.8.0_291\jre\lib\ext;C:\WINDOWS\Sun\Java\lib\ext"/>
    <property name="sun.io.unicode.encoding" value="UnicodeLittle"/>
    <property name="enforcer.skip" value="true"/>
    <property name="java.class.version" value="52.0"/>
  </properties>
  <testcase name="testProcessor" classname="com.example.nifidev.processors.example.MyProcessorTest" time="0.235"/>
</testsuite>